<suite name="Group test Suite" verbose="1">
    <test name="Group Test">
        <groups>
            <run>
                <include name="test-group" />
            </run>
        </groups>
        <classes>
            <class name="com.packt.testng.chapter4.TestGroup" />
        </classes>
    </test>
</suite>